<?xml version="1.0" encoding="UTF-8"?>
<!-- Generated by org.testng.reporters.JUnitReportReporter -->
<testsuite hostname="DESKTOP-0L5F16E" failures="0" tests="1" name="testng.TestMethod" time="0.006" errors="0" timestamp="14 янв. 2022 21:19:28 GMT" skipped="0">
  <testcase classname="testng.TestMethod" name="annotation" time="0.006"/>
</testsuite> <!-- testng.TestMethod -->
